<?xml version="1.0" encoding="UTF-8"?>
<!-- Generated by org.testng.reporters.JUnitXMLReporter -->
<testsuite ignored="0" hostname="windows11" failures="0" tests="8" name="Surefire test" time="95.511" errors="0" timestamp="2024-02-09T11:32:47 IST">
  <testcase classname="tests.GuestUserInteractionsTest" name="moveToHomePage" time="0.101"/>
  <testcase classname="tests.GuestUserInteractionsTest" name="openCertificationPage" time="2.719"/>
  <testcase classname="tests.LoginAppTest" name="validateInvalidUser" time="3.383"/>
  <testcase classname="tests.LoginAppTest" name="validateInvalidUser" time="6.394"/>
  <testcase classname="tests.LoginAppTest" name="validateInvalidUser" time="8.435"/>
  <testcase classname="tests.LoginAppTest" name="validateInvalidUser" time="1.765"/>
  <testcase classname="tests.LoginAppTest" name="loginToApplication" time="7.444"/>
  <testcase classname="tests.SignupUserTest" name="userSignupFlow" time="3.12"/>
</testsuite> <!-- Surefire test -->
