<?xml version="1.0" encoding="UTF-8"?>
<!-- Generated by org.testng.reporters.JUnitXMLReporter -->
<testsuite ignored="0" hostname="windows11" failures="0" tests="5" name="Default test" time="50.509" errors="0" timestamp="2024-02-09T17:18:41 IST">
  <testcase classname="tests.LoginAppTest" name="testExcelDataImport" time="0.014"/>
  <testcase classname="tests.LoginAppTest" name="testExcelDataImport" time="0.002"/>
  <testcase classname="tests.LoginAppTest" name="testExcelDataImport" time="0.001"/>
  <testcase classname="tests.LoginAppTest" name="testExcelDataImport" time="0.006"/>
  <testcase classname="tests.LoginAppTest" name="testExcelDataImport" time="0.003"/>
</testsuite> <!-- Default test -->
