<?xml version="1.0" encoding="UTF-8"?>
<!-- Generated by org.testng.reporters.JUnitXMLReporter -->
<testsuite ignored="0" hostname="windows11" failures="0" tests="3" name="Test" time="49.608" errors="0" timestamp="2024-02-07T11:55:12 IST">
  <testcase classname="tests.LoginApp" name="loginToApplication" time="0.555"/>
  <testcase classname="tests.LoginApp" name="validateInvalidUser" time="2.754"/>
  <testcase classname="tests.SignupUser" name="userSignupFlow" time="14.515"/>
</testsuite> <!-- Test -->
