<?xml version="1.0" encoding="UTF-8"?>
<!-- Generated by org.testng.reporters.JUnitXMLReporter -->
<testsuite ignored="2" hostname="windows11" failures="0" tests="0" time="0.009" errors="0" timestamp="2024-02-09T11:42:40 IST">
  <testcase classname="tests.GuestUserInteractionsTest" name="openCertificationPage" time="0.0">
    <ignored/>
  </testcase> <!-- openCertificationPage -->
  <testcase classname="tests.GuestUserInteractionsTest" name="moveToHomePage" time="0.0">
    <ignored/>
  </testcase> <!-- moveToHomePage -->
</testsuite>
