<?xml version="1.0" encoding="UTF-8"?>
<!-- Generated by org.testng.reporters.JUnitXMLReporter -->
<testsuite ignored="0" hostname="windows11" failures="0" tests="5" name="Login Page Tests" time="103.01" errors="0" timestamp="2024-02-09T11:44:23 IST">
  <testcase classname="tests.LoginAppTest" name="validateInvalidUser" time="12.084"/>
  <testcase classname="tests.LoginAppTest" name="validateInvalidUser" time="2.481"/>
  <testcase classname="tests.LoginAppTest" name="validateInvalidUser" time="2.702"/>
  <testcase classname="tests.LoginAppTest" name="validateInvalidUser" time="2.084"/>
  <testcase classname="tests.LoginAppTest" name="loginToApplication" time="26.595"/>
</testsuite> <!-- Login Page Tests -->
