<?xml version="1.0" encoding="UTF-8"?>
<testng-results ignored="0" total="5" passed="5" failed="0" skipped="0">
  <reporter-output>
  </reporter-output>
  <suite started-at="2024-02-09T11:42:40 IST" name="Suite" finished-at="2024-02-09T11:44:23 IST" duration-ms="103010">
    <groups>
      <group name="loginScenarios">
        <method signature="LoginAppTest.validateInvalidUser(java.util.HashMap)[pri:0, instance:tests.LoginAppTest@1afd44cb]" name="validateInvalidUser" class="tests.LoginAppTest"/>
        <method signature="LoginAppTest.loginToApplication()[pri:0, instance:tests.LoginAppTest@1afd44cb]" name="loginToApplication" class="tests.LoginAppTest"/>
      </group> <!-- loginScenarios -->
    </groups>
    <test started-at="2024-02-09T11:42:40 IST" name="Guest user workflow Tests" finished-at="2024-02-09T11:42:40 IST" duration-ms="9">
    </test> <!-- Guest user workflow Tests -->
    <test started-at="2024-02-09T11:42:40 IST" name="Signup Workflow Tests" finished-at="2024-02-09T11:42:40 IST" duration-ms="9">
    </test> <!-- Signup Workflow Tests -->
    <test started-at="2024-02-09T11:42:40 IST" name="Login Page Tests" finished-at="2024-02-09T11:44:23 IST" duration-ms="103010">
      <class name="tests.LoginAppTest">
        <test-method is-config="true" signature="openLoginPage()[pri:0, instance:tests.LoginAppTest@1afd44cb]" started-at="2024-02-09T11:42:40 IST" name="openLoginPage" finished-at="2024-02-09T11:42:43 IST" duration-ms="2800" status="PASS">
          <reporter-output>
          </reporter-output>
        </test-method> <!-- openLoginPage -->
        <test-method signature="validateInvalidUser(java.util.HashMap)[pri:0, instance:tests.LoginAppTest@1afd44cb]" started-at="2024-02-09T11:42:43 IST" name="validateInvalidUser" data-provider="getUserData2" finished-at="2024-02-09T11:42:55 IST" duration-ms="12084" status="PASS">
          <params>
            <param index="0">
              <value>
                <![CDATA[{password=Testing2345, email=Testing101@yopmail.com}]]>
              </value>
            </param>
          </params>
          <reporter-output>
          </reporter-output>
        </test-method> <!-- validateInvalidUser -->
        <test-method is-config="true" signature="closeBrowser()[pri:0, instance:tests.LoginAppTest@1afd44cb]" started-at="2024-02-09T11:42:55 IST" name="closeBrowser" finished-at="2024-02-09T11:42:55 IST" duration-ms="108" status="PASS">
          <reporter-output>
          </reporter-output>
        </test-method> <!-- closeBrowser -->
        <test-method is-config="true" signature="openLoginPage()[pri:0, instance:tests.LoginAppTest@1afd44cb]" started-at="2024-02-09T11:42:55 IST" name="openLoginPage" finished-at="2024-02-09T11:43:04 IST" duration-ms="8967" status="PASS">
          <reporter-output>
          </reporter-output>
        </test-method> <!-- openLoginPage -->
        <test-method signature="validateInvalidUser(java.util.HashMap)[pri:0, instance:tests.LoginAppTest@1afd44cb]" started-at="2024-02-09T11:43:04 IST" name="validateInvalidUser" data-provider="getUserData2" finished-at="2024-02-09T11:43:06 IST" duration-ms="2481" status="PASS">
          <params>
            <param index="0">
              <value>
                <![CDATA[{password=Testing546456, email=Testing102@yopmail.com}]]>
              </value>
            </param>
          </params>
          <reporter-output>
          </reporter-output>
        </test-method> <!-- validateInvalidUser -->
        <test-method is-config="true" signature="closeBrowser()[pri:0, instance:tests.LoginAppTest@1afd44cb]" started-at="2024-02-09T11:43:06 IST" name="closeBrowser" finished-at="2024-02-09T11:43:06 IST" duration-ms="108" status="PASS">
          <reporter-output>
          </reporter-output>
        </test-method> <!-- closeBrowser -->
        <test-method is-config="true" signature="openLoginPage()[pri:0, instance:tests.LoginAppTest@1afd44cb]" started-at="2024-02-09T11:43:06 IST" name="openLoginPage" finished-at="2024-02-09T11:43:18 IST" duration-ms="11476" status="PASS">
          <reporter-output>
          </reporter-output>
        </test-method> <!-- openLoginPage -->
        <test-method signature="validateInvalidUser(java.util.HashMap)[pri:0, instance:tests.LoginAppTest@1afd44cb]" started-at="2024-02-09T11:43:18 IST" name="validateInvalidUser" data-provider="getUserData2" finished-at="2024-02-09T11:43:21 IST" duration-ms="2702" status="PASS">
          <params>
            <param index="0">
              <value>
                <![CDATA[{password=Testing6574, email=Testing103@yopmail.com}]]>
              </value>
            </param>
          </params>
          <reporter-output>
          </reporter-output>
        </test-method> <!-- validateInvalidUser -->
        <test-method is-config="true" signature="closeBrowser()[pri:0, instance:tests.LoginAppTest@1afd44cb]" started-at="2024-02-09T11:43:21 IST" name="closeBrowser" finished-at="2024-02-09T11:43:21 IST" duration-ms="118" status="PASS">
          <reporter-output>
          </reporter-output>
        </test-method> <!-- closeBrowser -->
        <test-method is-config="true" signature="openLoginPage()[pri:0, instance:tests.LoginAppTest@1afd44cb]" started-at="2024-02-09T11:43:21 IST" name="openLoginPage" finished-at="2024-02-09T11:43:51 IST" duration-ms="30115" status="PASS">
          <reporter-output>
          </reporter-output>
        </test-method> <!-- openLoginPage -->
        <test-method signature="validateInvalidUser(java.util.HashMap)[pri:0, instance:tests.LoginAppTest@1afd44cb]" started-at="2024-02-09T11:43:51 IST" name="validateInvalidUser" data-provider="getUserData2" finished-at="2024-02-09T11:43:53 IST" duration-ms="2084" status="PASS">
          <params>
            <param index="0">
              <value>
                <![CDATA[{password=Testing657400, email=Testing104@yopmail.com}]]>
              </value>
            </param>
          </params>
          <reporter-output>
          </reporter-output>
        </test-method> <!-- validateInvalidUser -->
        <test-method is-config="true" signature="closeBrowser()[pri:0, instance:tests.LoginAppTest@1afd44cb]" started-at="2024-02-09T11:43:53 IST" name="closeBrowser" finished-at="2024-02-09T11:43:53 IST" duration-ms="96" status="PASS">
          <reporter-output>
          </reporter-output>
        </test-method> <!-- closeBrowser -->
        <test-method is-config="true" signature="openLoginPage()[pri:0, instance:tests.LoginAppTest@1afd44cb]" started-at="2024-02-09T11:43:53 IST" name="openLoginPage" finished-at="2024-02-09T11:43:56 IST" duration-ms="2849" status="PASS">
          <reporter-output>
          </reporter-output>
        </test-method> <!-- openLoginPage -->
        <test-method signature="loginToApplication()[pri:0, instance:tests.LoginAppTest@1afd44cb]" started-at="2024-02-09T11:43:56 IST" name="loginToApplication" finished-at="2024-02-09T11:44:22 IST" depends-on-methods="tests.LoginAppTest.validateInvalidUser" duration-ms="26595" status="PASS">
          <reporter-output>
          </reporter-output>
        </test-method> <!-- loginToApplication -->
        <test-method is-config="true" signature="closeBrowser()[pri:0, instance:tests.LoginAppTest@1afd44cb]" started-at="2024-02-09T11:44:22 IST" name="closeBrowser" finished-at="2024-02-09T11:44:23 IST" duration-ms="96" status="PASS">
          <reporter-output>
          </reporter-output>
        </test-method> <!-- closeBrowser -->
      </class> <!-- tests.LoginAppTest -->
    </test> <!-- Login Page Tests -->
  </suite> <!-- Suite -->
</testng-results>
