<?xml version="1.0" encoding="UTF-8"?>
<testng-results ignored="0" total="5" passed="5" failed="0" skipped="0">
  <reporter-output>
  </reporter-output>
  <suite started-at="2024-02-09T17:17:50 IST" name="Default suite" finished-at="2024-02-09T17:18:41 IST" duration-ms="50509">
    <groups>
    </groups>
    <test started-at="2024-02-09T17:17:50 IST" name="Default test" finished-at="2024-02-09T17:18:41 IST" duration-ms="50509">
      <class name="tests.LoginAppTest">
        <test-method is-config="true" signature="openLoginPage()[pri:0, instance:tests.LoginAppTest@6b927fb]" started-at="2024-02-09T17:17:51 IST" name="openLoginPage" finished-at="2024-02-09T17:18:11 IST" duration-ms="20043" status="PASS">
          <reporter-output>
          </reporter-output>
        </test-method> <!-- openLoginPage -->
        <test-method signature="testExcelDataImport(java.lang.String,java.lang.String)[pri:0, instance:tests.LoginAppTest@6b927fb]" started-at="2024-02-09T17:18:11 IST" name="testExcelDataImport" data-provider="excelDataPack" finished-at="2024-02-09T17:18:11 IST" duration-ms="14" status="PASS">
          <params>
            <param index="0">
              <value>
                <![CDATA[Testing1001@gmaill.com]]>
              </value>
            </param>
            <param index="1">
              <value>
                <![CDATA[Testing23467]]>
              </value>
            </param>
          </params>
          <reporter-output>
          </reporter-output>
        </test-method> <!-- testExcelDataImport -->
        <test-method is-config="true" signature="closeBrowser()[pri:0, instance:tests.LoginAppTest@6b927fb]" started-at="2024-02-09T17:18:11 IST" name="closeBrowser" finished-at="2024-02-09T17:18:11 IST" duration-ms="108" status="PASS">
          <reporter-output>
          </reporter-output>
        </test-method> <!-- closeBrowser -->
        <test-method is-config="true" signature="openLoginPage()[pri:0, instance:tests.LoginAppTest@6b927fb]" started-at="2024-02-09T17:18:11 IST" name="openLoginPage" finished-at="2024-02-09T17:18:21 IST" duration-ms="10117" status="PASS">
          <reporter-output>
          </reporter-output>
        </test-method> <!-- openLoginPage -->
        <test-method signature="testExcelDataImport(java.lang.String,java.lang.String)[pri:0, instance:tests.LoginAppTest@6b927fb]" started-at="2024-02-09T17:18:21 IST" name="testExcelDataImport" data-provider="excelDataPack" finished-at="2024-02-09T17:18:21 IST" duration-ms="2" status="PASS">
          <params>
            <param index="0">
              <value>
                <![CDATA[Testing1002@gmail.com]]>
              </value>
            </param>
            <param index="1">
              <value>
                <![CDATA[Testing12345]]>
              </value>
            </param>
          </params>
          <reporter-output>
          </reporter-output>
        </test-method> <!-- testExcelDataImport -->
        <test-method is-config="true" signature="closeBrowser()[pri:0, instance:tests.LoginAppTest@6b927fb]" started-at="2024-02-09T17:18:21 IST" name="closeBrowser" finished-at="2024-02-09T17:18:21 IST" duration-ms="93" status="PASS">
          <reporter-output>
          </reporter-output>
        </test-method> <!-- closeBrowser -->
        <test-method is-config="true" signature="openLoginPage()[pri:0, instance:tests.LoginAppTest@6b927fb]" started-at="2024-02-09T17:18:21 IST" name="openLoginPage" finished-at="2024-02-09T17:18:30 IST" duration-ms="9230" status="PASS">
          <reporter-output>
          </reporter-output>
        </test-method> <!-- openLoginPage -->
        <test-method signature="testExcelDataImport(java.lang.String,java.lang.String)[pri:0, instance:tests.LoginAppTest@6b927fb]" started-at="2024-02-09T17:18:30 IST" name="testExcelDataImport" data-provider="excelDataPack" finished-at="2024-02-09T17:18:30 IST" duration-ms="1" status="PASS">
          <params>
            <param index="0">
              <value>
                <![CDATA[Testing1003@gmail.com]]>
              </value>
            </param>
            <param index="1">
              <value>
                <![CDATA[Testing23456]]>
              </value>
            </param>
          </params>
          <reporter-output>
          </reporter-output>
        </test-method> <!-- testExcelDataImport -->
        <test-method is-config="true" signature="closeBrowser()[pri:0, instance:tests.LoginAppTest@6b927fb]" started-at="2024-02-09T17:18:30 IST" name="closeBrowser" finished-at="2024-02-09T17:18:30 IST" duration-ms="126" status="PASS">
          <reporter-output>
          </reporter-output>
        </test-method> <!-- closeBrowser -->
        <test-method is-config="true" signature="openLoginPage()[pri:0, instance:tests.LoginAppTest@6b927fb]" started-at="2024-02-09T17:18:30 IST" name="openLoginPage" finished-at="2024-02-09T17:18:33 IST" duration-ms="2497" status="PASS">
          <reporter-output>
          </reporter-output>
        </test-method> <!-- openLoginPage -->
        <test-method signature="testExcelDataImport(java.lang.String,java.lang.String)[pri:0, instance:tests.LoginAppTest@6b927fb]" started-at="2024-02-09T17:18:33 IST" name="testExcelDataImport" data-provider="excelDataPack" finished-at="2024-02-09T17:18:33 IST" duration-ms="6" status="PASS">
          <params>
            <param index="0">
              <value>
                <![CDATA[Testing1004@gmail.com]]>
              </value>
            </param>
            <param index="1">
              <value>
                <![CDATA[Testing34567]]>
              </value>
            </param>
          </params>
          <reporter-output>
          </reporter-output>
        </test-method> <!-- testExcelDataImport -->
        <test-method is-config="true" signature="closeBrowser()[pri:0, instance:tests.LoginAppTest@6b927fb]" started-at="2024-02-09T17:18:33 IST" name="closeBrowser" finished-at="2024-02-09T17:18:33 IST" duration-ms="92" status="PASS">
          <reporter-output>
          </reporter-output>
        </test-method> <!-- closeBrowser -->
        <test-method is-config="true" signature="openLoginPage()[pri:0, instance:tests.LoginAppTest@6b927fb]" started-at="2024-02-09T17:18:33 IST" name="openLoginPage" finished-at="2024-02-09T17:18:40 IST" duration-ms="7482" status="PASS">
          <reporter-output>
          </reporter-output>
        </test-method> <!-- openLoginPage -->
        <test-method signature="testExcelDataImport(java.lang.String,java.lang.String)[pri:0, instance:tests.LoginAppTest@6b927fb]" started-at="2024-02-09T17:18:40 IST" name="testExcelDataImport" data-provider="excelDataPack" finished-at="2024-02-09T17:18:40 IST" duration-ms="3" status="PASS">
          <params>
            <param index="0">
              <value>
                <![CDATA[Testing1005@gmail.com]]>
              </value>
            </param>
            <param index="1">
              <value>
                <![CDATA[Testing45678]]>
              </value>
            </param>
          </params>
          <reporter-output>
          </reporter-output>
        </test-method> <!-- testExcelDataImport -->
        <test-method is-config="true" signature="closeBrowser()[pri:0, instance:tests.LoginAppTest@6b927fb]" started-at="2024-02-09T17:18:40 IST" name="closeBrowser" finished-at="2024-02-09T17:18:41 IST" duration-ms="113" status="PASS">
          <reporter-output>
          </reporter-output>
        </test-method> <!-- closeBrowser -->
      </class> <!-- tests.LoginAppTest -->
    </test> <!-- Default test -->
  </suite> <!-- Default suite -->
</testng-results>
