<?xml version="1.0" encoding="UTF-8"?>
<testng-results ignored="3" total="8" passed="5" failed="0" skipped="0">
  <reporter-output>
  </reporter-output>
  <suite started-at="2024-02-09T11:35:35 IST" name="Suite" finished-at="2024-02-09T11:36:48 IST" duration-ms="72898">
    <groups>
      <group name="loginScenarios">
        <method signature="LoginAppTest.validateInvalidUser(java.util.HashMap)[pri:0, instance:tests.LoginAppTest@158da8e]" name="validateInvalidUser" class="tests.LoginAppTest"/>
        <method signature="LoginAppTest.loginToApplication()[pri:0, instance:tests.LoginAppTest@158da8e]" name="loginToApplication" class="tests.LoginAppTest"/>
      </group> <!-- loginScenarios -->
    </groups>
    <test started-at="2024-02-09T11:35:35 IST" name="Signup Workflow Tests" finished-at="2024-02-09T11:35:35 IST" duration-ms="10">
    </test> <!-- Signup Workflow Tests -->
    <test started-at="2024-02-09T11:35:35 IST" name="Guest user workflow Tests" finished-at="2024-02-09T11:35:35 IST" duration-ms="9">
    </test> <!-- Guest user workflow Tests -->
    <test started-at="2024-02-09T11:35:35 IST" name="Login Page Tests" finished-at="2024-02-09T11:36:48 IST" duration-ms="72897">
      <class name="tests.LoginAppTest">
        <test-method is-config="true" signature="openLoginPage()[pri:0, instance:tests.LoginAppTest@158da8e]" started-at="2024-02-09T11:35:35 IST" name="openLoginPage" finished-at="2024-02-09T11:35:46 IST" duration-ms="11382" status="PASS">
          <reporter-output>
          </reporter-output>
        </test-method> <!-- openLoginPage -->
        <test-method signature="validateInvalidUser(java.util.HashMap)[pri:0, instance:tests.LoginAppTest@158da8e]" started-at="2024-02-09T11:35:46 IST" name="validateInvalidUser" data-provider="getUserData2" finished-at="2024-02-09T11:35:50 IST" duration-ms="3278" status="PASS">
          <params>
            <param index="0">
              <value>
                <![CDATA[{password=Testing2345, email=Testing101@yopmail.com}]]>
              </value>
            </param>
          </params>
          <reporter-output>
          </reporter-output>
        </test-method> <!-- validateInvalidUser -->
        <test-method is-config="true" signature="closeBrowser()[pri:0, instance:tests.LoginAppTest@158da8e]" started-at="2024-02-09T11:35:50 IST" name="closeBrowser" finished-at="2024-02-09T11:35:50 IST" duration-ms="113" status="PASS">
          <reporter-output>
          </reporter-output>
        </test-method> <!-- closeBrowser -->
        <test-method is-config="true" signature="openLoginPage()[pri:0, instance:tests.LoginAppTest@158da8e]" started-at="2024-02-09T11:35:50 IST" name="openLoginPage" finished-at="2024-02-09T11:36:03 IST" duration-ms="13057" status="PASS">
          <reporter-output>
          </reporter-output>
        </test-method> <!-- openLoginPage -->
        <test-method signature="validateInvalidUser(java.util.HashMap)[pri:0, instance:tests.LoginAppTest@158da8e]" started-at="2024-02-09T11:36:03 IST" name="validateInvalidUser" data-provider="getUserData2" finished-at="2024-02-09T11:36:07 IST" duration-ms="3830" status="PASS">
          <params>
            <param index="0">
              <value>
                <![CDATA[{password=Testing546456, email=Testing102@yopmail.com}]]>
              </value>
            </param>
          </params>
          <reporter-output>
          </reporter-output>
        </test-method> <!-- validateInvalidUser -->
        <test-method is-config="true" signature="closeBrowser()[pri:0, instance:tests.LoginAppTest@158da8e]" started-at="2024-02-09T11:36:07 IST" name="closeBrowser" finished-at="2024-02-09T11:36:07 IST" duration-ms="126" status="PASS">
          <reporter-output>
          </reporter-output>
        </test-method> <!-- closeBrowser -->
        <test-method is-config="true" signature="openLoginPage()[pri:0, instance:tests.LoginAppTest@158da8e]" started-at="2024-02-09T11:36:07 IST" name="openLoginPage" finished-at="2024-02-09T11:36:18 IST" duration-ms="11339" status="PASS">
          <reporter-output>
          </reporter-output>
        </test-method> <!-- openLoginPage -->
        <test-method signature="validateInvalidUser(java.util.HashMap)[pri:0, instance:tests.LoginAppTest@158da8e]" started-at="2024-02-09T11:36:18 IST" name="validateInvalidUser" data-provider="getUserData2" finished-at="2024-02-09T11:36:21 IST" duration-ms="2622" status="PASS">
          <params>
            <param index="0">
              <value>
                <![CDATA[{password=Testing6574, email=Testing103@yopmail.com}]]>
              </value>
            </param>
          </params>
          <reporter-output>
          </reporter-output>
        </test-method> <!-- validateInvalidUser -->
        <test-method is-config="true" signature="closeBrowser()[pri:0, instance:tests.LoginAppTest@158da8e]" started-at="2024-02-09T11:36:21 IST" name="closeBrowser" finished-at="2024-02-09T11:36:21 IST" duration-ms="122" status="PASS">
          <reporter-output>
          </reporter-output>
        </test-method> <!-- closeBrowser -->
        <test-method is-config="true" signature="openLoginPage()[pri:0, instance:tests.LoginAppTest@158da8e]" started-at="2024-02-09T11:36:21 IST" name="openLoginPage" finished-at="2024-02-09T11:36:34 IST" duration-ms="13088" status="PASS">
          <reporter-output>
          </reporter-output>
        </test-method> <!-- openLoginPage -->
        <test-method signature="validateInvalidUser(java.util.HashMap)[pri:0, instance:tests.LoginAppTest@158da8e]" started-at="2024-02-09T11:36:34 IST" name="validateInvalidUser" data-provider="getUserData2" finished-at="2024-02-09T11:36:36 IST" duration-ms="2327" status="PASS">
          <params>
            <param index="0">
              <value>
                <![CDATA[{password=Testing657400, email=Testing104@yopmail.com}]]>
              </value>
            </param>
          </params>
          <reporter-output>
          </reporter-output>
        </test-method> <!-- validateInvalidUser -->
        <test-method is-config="true" signature="closeBrowser()[pri:0, instance:tests.LoginAppTest@158da8e]" started-at="2024-02-09T11:36:36 IST" name="closeBrowser" finished-at="2024-02-09T11:36:36 IST" duration-ms="124" status="PASS">
          <reporter-output>
          </reporter-output>
        </test-method> <!-- closeBrowser -->
        <test-method is-config="true" signature="openLoginPage()[pri:0, instance:tests.LoginAppTest@158da8e]" started-at="2024-02-09T11:36:36 IST" name="openLoginPage" finished-at="2024-02-09T11:36:39 IST" duration-ms="2390" status="PASS">
          <reporter-output>
          </reporter-output>
        </test-method> <!-- openLoginPage -->
        <test-method signature="loginToApplication()[pri:0, instance:tests.LoginAppTest@158da8e]" started-at="2024-02-09T11:36:39 IST" name="loginToApplication" finished-at="2024-02-09T11:36:48 IST" depends-on-methods="tests.LoginAppTest.validateInvalidUser" duration-ms="8750" status="PASS">
          <reporter-output>
          </reporter-output>
        </test-method> <!-- loginToApplication -->
        <test-method is-config="true" signature="closeBrowser()[pri:0, instance:tests.LoginAppTest@158da8e]" started-at="2024-02-09T11:36:48 IST" name="closeBrowser" finished-at="2024-02-09T11:36:48 IST" duration-ms="106" status="PASS">
          <reporter-output>
          </reporter-output>
        </test-method> <!-- closeBrowser -->
      </class> <!-- tests.LoginAppTest -->
    </test> <!-- Login Page Tests -->
  </suite> <!-- Suite -->
</testng-results>
